#
# There is insufficient memory for the Java Runtime Environment to continue.
# Native memory allocation (mmap) failed to map 130023424 bytes for G1 virtual space
# Possible reasons:
#   The system is out of physical RAM or swap space
#   The process is running with CompressedOops enabled, and the Java Heap may be blocking the growth of the native heap
# Possible solutions:
#   Reduce memory load on the system
#   Increase physical memory or swap space
#   Check if swap backing store is full
#   Decrease Java heap size (-Xmx/-Xms)
#   Decrease number of Java threads
#   Decrease Java thread stack sizes (-Xss)
#   Set larger code cache with -XX:ReservedCodeCacheSize=
#   JVM is running with Unscaled Compressed Oops mode in which the Java heap is
#     placed in the first 4GB address space. The Java Heap base address is the
#     maximum limit for the native heap growth. Please use -XX:HeapBaseMinAddress
#     to set the Java Heap base and to place the Java Heap above 4GB virtual address.
# This output file may be truncated or incomplete.
#
#  Out of Memory Error (os_windows.cpp:3469), pid=3532, tid=15044
#
# JRE version:  (17.0.1+12) (build )
# Java VM: Java HotSpot(TM) 64-Bit Server VM (17.0.1+12-LTS-39, mixed mode, sharing, tiered, compressed oops, compressed class ptrs, g1 gc, windows-amd64)
# No core dump will be written. Minidumps are not enabled by default on client versions of Windows
#

---------------  S U M M A R Y ------------

Command Line: --module-path=D:\Java\javafx-sdk-17\lib --add-modules=javafx.control, javafx.fxml -Dfile.encoding=UTF-8 -classpath D:\Java\file\aims\bin;D:\Java\javafx-sdk-17\lib\javafx.base.jar;D:\Java\javafx-sdk-17\lib\javafx.controls.jar;D:\Java\javafx-sdk-17\lib\javafx.fxml.jar;D:\Java\javafx-sdk-17\lib\javafx.graphics.jar;D:\Java\javafx-sdk-17\lib\javafx.media.jar;D:\Java\javafx-sdk-17\lib\javafx.swing.jar;D:\Java\javafx-sdk-17\lib\javafx.web.jar;D:\Java\javafx-sdk-17\lib\javafx-swt.jar -XX:+ShowCodeDetailsInExceptionMessages App

Host: 11th Gen Intel(R) Core(TM) i5-1135G7 @ 2.40GHz, 8 cores, 7G,  Windows 10 , 64 bit Build 22000 (10.0.22000.708)
Time: Sat Nov  5 01:17:29 2022 SE Asia Standard Time elapsed time: 0.011124 seconds (0d 0h 0m 0s)

---------------  T H R E A D  ---------------

Current thread (0x0000021709e5dc60):  JavaThread "Unknown thread" [_thread_in_vm, id=15044, stack(0x000000f30c300000,0x000000f30c400000)]

Stack: [0x000000f30c300000,0x000000f30c400000]
Native frames: (J=compiled Java code, j=interpreted, Vv=VM code, C=native code)
V  [jvm.dll+0x66fa1a]
V  [jvm.dll+0x7ce5a4]
V  [jvm.dll+0x7cfd4e]
V  [jvm.dll+0x7d03b3]
V  [jvm.dll+0x242b05]
V  [jvm.dll+0x66ca39]
V  [jvm.dll+0x661502]
V  [jvm.dll+0x30081b]
V  [jvm.dll+0x307da6]
V  [jvm.dll+0x357a1e]
V  [jvm.dll+0x357c4f]
V  [jvm.dll+0x2d7ad8]
V  [jvm.dll+0x2d8a44]
V  [jvm.dll+0x7a01e1]
V  [jvm.dll+0x365791]
V  [jvm.dll+0x77f6cc]
V  [jvm.dll+0x3e812f]
V  [jvm.dll+0x3e9bd1]
C  [jli.dll+0x527b]
C  [ucrtbase.dll+0x26c0c]
C  [KERNEL32.DLL+0x154e0]
C  [ntdll.dll+0x485b]


---------------  P R O C E S S  ---------------

Threads class SMR info:
_java_thread_list=0x00007ffe71457818, length=0, elements={
}

Java Threads: ( => current thread )

Other Threads:
  0x0000021709e9cf00 GCTaskThread "GC Thread#0" [stack: 0x000000f30c400000,0x000000f30c500000] [id=9212]
  0x0000021709ead720 ConcurrentGCThread "G1 Main Marker" [stack: 0x000000f30c500000,0x000000f30c600000] [id=10276]
  0x0000021709eaf780 ConcurrentGCThread "G1 Conc#0" [stack: 0x000000f30c600000,0x000000f30c700000] [id=15628]

[error occurred during error reporting (printing all threads), id 0xc0000005, EXCEPTION_ACCESS_VIOLATION (0xc0000005) at pc=0x00007ffe70ca84b7]

VM state: not at safepoint (not fully initialized)

VM Mutex/Monitor currently owned by a thread:  ([mutex/lock_event])
[0x0000021709e5a580] Heap_lock - owner thread: 0x0000021709e5dc60

Heap address: 0x0000000084400000, size: 1980 MB, Compressed Oops mode: 32-bit

CDS archive(s) mapped at: [0x0000000000000000-0x0000000000000000-0x0000000000000000), size 0, SharedBaseAddress: 0x0000000800000000, ArchiveRelocationMode: 0.
Narrow klass base: 0x0000000000000000, Narrow klass shift: 0, Narrow klass range: 0x0

GC Precious Log:
<Empty>

Heap:
 garbage-first heap   total 0K, used 0K [0x0000000084400000, 0x0000000100000000)
  region size 1024K, 0 young (0K), 0 survivors (0K)

[error occurred during error reporting (printing heap information), id 0xc0000005, EXCEPTION_ACCESS_VIOLATION (0xc0000005) at pc=0x00007ffe71088d89]

GC Heap History (0 events):
No events

Deoptimization events (0 events):
No events

Classes unloaded (0 events):
No events

Classes redefined (0 events):
No events

Internal exceptions (0 events):
No events

VM Operations (0 events):
No events

Events (1 events):
Event: 0.007 Loaded shared library C:\Program Files\Java\jdk-15.0.2\bin\java.dll


Dynamic libraries:
0x00007ff77db30000 - 0x00007ff77db40000 	C:\Program Files\Java\jdk-15.0.2\bin\javaw.exe
0x00007ffecfce0000 - 0x00007ffecfee9000 	C:\WINDOWS\SYSTEM32\ntdll.dll
0x00007ffeceb60000 - 0x00007ffecec1d000 	C:\WINDOWS\System32\KERNEL32.DLL
0x00007ffecd760000 - 0x00007ffecdadb000 	C:\WINDOWS\System32\KERNELBASE.dll
0x00007ffecd250000 - 0x00007ffecd361000 	C:\WINDOWS\System32\ucrtbase.dll
0x00007ffebbd60000 - 0x00007ffebbd7a000 	C:\Program Files\Java\jdk-15.0.2\bin\VCRUNTIME140.dll
0x00007ffebbd40000 - 0x00007ffebbd58000 	C:\Program Files\Java\jdk-15.0.2\bin\jli.dll
0x00007ffecf870000 - 0x00007ffecf91e000 	C:\WINDOWS\System32\ADVAPI32.dll
0x00007ffecf990000 - 0x00007ffecfa33000 	C:\WINDOWS\System32\msvcrt.dll
0x00007ffecf270000 - 0x00007ffecf30e000 	C:\WINDOWS\System32\sechost.dll
0x00007ffecf330000 - 0x00007ffecf450000 	C:\WINDOWS\System32\RPCRT4.dll
0x00007ffecf5a0000 - 0x00007ffecf74d000 	C:\WINDOWS\System32\USER32.dll
0x00007ffecd1b0000 - 0x00007ffecd1d6000 	C:\WINDOWS\System32\win32u.dll
0x00007ffeced40000 - 0x00007ffeced69000 	C:\WINDOWS\System32\GDI32.dll
0x00007ffecd410000 - 0x00007ffecd528000 	C:\WINDOWS\System32\gdi32full.dll
0x00007ffecd370000 - 0x00007ffecd40d000 	C:\WINDOWS\System32\msvcp_win.dll
0x00007ffea20e0000 - 0x00007ffea2385000 	C:\WINDOWS\WinSxS\amd64_microsoft.windows.common-controls_6595b64144ccf1df_6.0.22000.120_none_9d947278b86cc467\COMCTL32.dll
0x00007ffebf190000 - 0x00007ffebf19a000 	C:\WINDOWS\SYSTEM32\VERSION.dll
0x00007ffecf750000 - 0x00007ffecf781000 	C:\WINDOWS\System32\IMM32.DLL
0x00007ffec2d30000 - 0x00007ffec2d3c000 	C:\Program Files\Java\jdk-15.0.2\bin\vcruntime140_1.dll
0x00007ffeb71a0000 - 0x00007ffeb722d000 	C:\Program Files\Java\jdk-15.0.2\bin\msvcp140.dll
0x00007ffe709c0000 - 0x00007ffe7157e000 	C:\Program Files\Java\jdk-15.0.2\bin\server\jvm.dll
0x00007ffecfc20000 - 0x00007ffecfc28000 	C:\WINDOWS\System32\PSAPI.DLL
0x00007ffec1d00000 - 0x00007ffec1d33000 	C:\WINDOWS\SYSTEM32\WINMM.dll
0x00007ffec60d0000 - 0x00007ffec60d9000 	C:\WINDOWS\SYSTEM32\WSOCK32.dll
0x00007ffecfc30000 - 0x00007ffecfc9f000 	C:\WINDOWS\System32\WS2_32.dll
0x00007ffecc300000 - 0x00007ffecc318000 	C:\WINDOWS\SYSTEM32\kernel.appcore.dll
0x00007ffec5070000 - 0x00007ffec507a000 	C:\Program Files\Java\jdk-15.0.2\bin\jimage.dll
0x00007ffecab60000 - 0x00007ffecad81000 	C:\WINDOWS\SYSTEM32\DBGHELP.DLL
0x00007ffeab860000 - 0x00007ffeab891000 	C:\WINDOWS\SYSTEM32\dbgcore.DLL
0x00007ffecdae0000 - 0x00007ffecdb5f000 	C:\WINDOWS\System32\bcryptPrimitives.dll
0x00007ffec4c40000 - 0x00007ffec4c65000 	C:\Program Files\Java\jdk-15.0.2\bin\java.dll

dbghelp: loaded successfully - version: 4.0.5 - missing functions: none
symbol engine: initialized successfully - sym options: 0x614 - pdb path: .;C:\Program Files\Java\jdk-15.0.2\bin;C:\WINDOWS\SYSTEM32;C:\WINDOWS\WinSxS\amd64_microsoft.windows.common-controls_6595b64144ccf1df_6.0.22000.120_none_9d947278b86cc467;C:\Program Files\Java\jdk-15.0.2\bin\server

VM Arguments:
jvm_args: --module-path=D:\Java\javafx-sdk-17\lib --add-modules=javafx.control, 
java_command: javafx.fxml -Dfile.encoding=UTF-8 -classpath D:\Java\file\aims\bin;D:\Java\javafx-sdk-17\lib\javafx.base.jar;D:\Java\javafx-sdk-17\lib\javafx.controls.jar;D:\Java\javafx-sdk-17\lib\javafx.fxml.jar;D:\Java\javafx-sdk-17\lib\javafx.graphics.jar;D:\Java\javafx-sdk-17\lib\javafx.media.jar;D:\Java\javafx-sdk-17\lib\javafx.swing.jar;D:\Java\javafx-sdk-17\lib\javafx.web.jar;D:\Java\javafx-sdk-17\lib\javafx-swt.jar -XX:+ShowCodeDetailsInExceptionMessages App
java_class_path (initial): .
Launcher Type: SUN_STANDARD

[Global flags]
     intx CICompilerCount                          = 4                                         {product} {ergonomic}
     uint ConcGCThreads                            = 2                                         {product} {ergonomic}
     uint G1ConcRefinementThreads                  = 8                                         {product} {ergonomic}
   size_t G1HeapRegionSize                         = 1048576                                   {product} {ergonomic}
    uintx GCDrainStackTargetSize                   = 64                                        {product} {ergonomic}
   size_t InitialHeapSize                          = 130023424                                 {product} {ergonomic}
   size_t MarkStackSize                            = 4194304                                   {product} {ergonomic}
   size_t MaxHeapSize                              = 2076180480                                {product} {ergonomic}
   size_t MinHeapDeltaBytes                        = 1048576                                   {product} {ergonomic}
   size_t MinHeapSize                              = 8388608                                   {product} {ergonomic}
    uintx NonNMethodCodeHeapSize                   = 5839372                                {pd product} {ergonomic}
    uintx NonProfiledCodeHeapSize                  = 122909434                              {pd product} {ergonomic}
    uintx ProfiledCodeHeapSize                     = 122909434                              {pd product} {ergonomic}
    uintx ReservedCodeCacheSize                    = 251658240                              {pd product} {ergonomic}
     bool SegmentedCodeCache                       = true                                      {product} {ergonomic}
   size_t SoftMaxHeapSize                          = 2076180480                             {manageable} {ergonomic}
     bool UseCompressedClassPointers               = true                           {product lp64_product} {ergonomic}
     bool UseCompressedOops                        = true                           {product lp64_product} {ergonomic}
     bool UseG1GC                                  = true                                      {product} {ergonomic}
     bool UseLargePagesIndividualAllocation        = false                                  {pd product} {ergonomic}

Logging:
Log output configuration:
 #0: stdout all=warning uptime,level,tags
 #1: stderr all=off uptime,level,tags

Environment Variables:
JAVA_HOME=D:\Java1
PATH=C:/Program Files/Java/jdk-15.0.2/bin/server;C:/Program Files/Java/jdk-15.0.2/bin;C:\Program Files\Common Files\Oracle\Java\javapath;C:\Program Files (x86)\Common Files\Oracle\Java\javapath;C:\WINDOWS\system32;C:\WINDOWS;C:\WINDOWS\System32\Wbem;C:\WINDOWS\System32\WindowsPowerShell\v1.0\;C:\WINDOWS\System32\OpenSSH\;C:\Users\ADMIN\Desktop\Shell\Shell;C:\Users\ADMIN\Desktop\Shell\Shell\clock.exe;C:\Program Files\Git\cmd;C:\Program Files\dotnet\;D:\bigdata\hadoop-3.3.0\bin;C:\Program Files\Java\jdk-17.0.1\bin;C:\Program Files\Common Files\Oracle\Java\javapath;C:\Program Files (x86)\Common Files\Oracle\Java\javapath;C:\WINDOWS\system32;C:\WINDOWS;C:\WINDOWS\System32\Wbem;C:\WINDOWS\System32\WindowsPowerShell\v1.0\;C:\WINDOWS\System32\OpenSSH\;C:\Users\ADMIN\Desktop\Shell\Shell;C:\Users\ADMIN\Desktop\Shell\Shell\clock.exe;C:\Program Files\Git\cmd;C:\Program Files\dotnet\;C:\Users\ADMIN\AppData\Local\Programs\Python\Python39\Scripts\;C:\Users\ADMIN\AppData\Local\Programs\Python\Python39\;C:\Users\ADMIN\AppData\Local\Microsoft\WindowsApps;D:\Dev-Cpp\MinGW64\bin;C:\Program Files\JetBrains\PyCharm Community Edition 2021.1.2\bin;D:\bigdata\hadoop-3.3.0\bin;D:\Java\bin;D:\Java1\bin;D:\big-data\hadoop-3.2.1\bin;C:\Users\ADMIN\OneDrive\Desktop;
USERNAME=ADMIN
OS=Windows_NT
PROCESSOR_IDENTIFIER=Intel64 Family 6 Model 140 Stepping 1, GenuineIntel



---------------  S Y S T E M  ---------------

OS:
 Windows 10 , 64 bit Build 22000 (10.0.22000.708)
OS uptime: 0 days 4:06 hours
Hyper-V role detected

CPU: total 8 (initial active 8) (4 cores per cpu, 2 threads per core) family 6 model 140 stepping 1 microcode 0xa4, cx8, cmov, fxsr, ht, mmx, 3dnowpref, sse, sse2, sse3, ssse3, sse4.1, sse4.2, popcnt, lzcnt, tsc, tscinvbit, avx, avx2, aes, erms, clmul, bmi1, bmi2, adx, avx512f, avx512dq, avx512cd, avx512bw, avx512vl, sha, fma, vzeroupper, avx512_vpopcntdq, avx512_vpclmulqdq, avx512_vaes, avx512_vnni, clflush, clflushopt, clwb, avx512_vbmi2, avx512_vbmi, hv

Memory: 4k page, system-wide physical 7918M (553M free)
TotalPageFile size 7918M (AvailPageFile size 30M)
current process WorkingSet (physical memory assigned to process): 10M, peak: 10M
current process commit charge ("private bytes"): 60M, peak: 184M

vm_info: Java HotSpot(TM) 64-Bit Server VM (17.0.1+12-LTS-39) for windows-amd64 JRE (17.0.1+12-LTS-39), built on Sep 27 2021 18:41:35 by "mach5one" with MS VC++ 16.8 (VS2019)

END.
